Copyright 1986-2018 Xilinx, Inc. All Rights Reserved.
----------------------------------------------------------------------------------------
| Tool Version : Vivado v.2018.2 (win64) Build 2258646 Thu Jun 14 20:03:12 MDT 2018
| Date         : Fri Mar 15 22:57:49 2019
| Host         : XPS-15 running 64-bit major release  (build 9200)
| Command      : report_control_sets -verbose -file RAT_WRAPPER_control_sets_placed.rpt
| Design       : RAT_WRAPPER
| Device       : xc7a35t
----------------------------------------------------------------------------------------

Control Set Information

Table of Contents
-----------------
1. Summary
2. Histogram
3. Flip-Flop Distribution
4. Detailed Control Set Information

1. Summary
----------

+----------------------------------------------------------+-------+
|                          Status                          | Count |
+----------------------------------------------------------+-------+
| Number of unique control sets                            |    91 |
| Unused register locations in slices containing registers |    68 |
+----------------------------------------------------------+-------+


2. Histogram
------------

+--------+--------------+
| Fanout | Control Sets |
+--------+--------------+
|      2 |            2 |
|      4 |            3 |
|      8 |            3 |
|     10 |            1 |
|     12 |            1 |
|    16+ |           81 |
+--------+--------------+


3. Flip-Flop Distribution
-------------------------

+--------------+-----------------------+------------------------+-----------------+--------------+
| Clock Enable | Synchronous Set/Reset | Asynchronous Set/Reset | Total Registers | Total Slices |
+--------------+-----------------------+------------------------+-----------------+--------------+
| No           | No                    | No                     |              86 |           24 |
| No           | No                    | Yes                    |              64 |            8 |
| No           | Yes                   | No                     |             262 |           70 |
| Yes          | No                    | No                     |             364 |           87 |
| Yes          | No                    | Yes                    |               0 |            0 |
| Yes          | Yes                   | No                     |              36 |           10 |
+--------------+-----------------------+------------------------+-----------------+--------------+


4. Detailed Control Set Information
-----------------------------------

+-----------------------------+-----------------------------------------------------+------------------------------------------+------------------+----------------+
|         Clock Signal        |                    Enable Signal                    |             Set/Reset Signal             | Slice Load Count | Bel Load Count |
+-----------------------------+-----------------------------------------------------+------------------------------------------+------------------+----------------+
|  clk_BUFG                   |                                                     | VGA/vga_out/VSYNC0                       |                1 |              2 |
|  clk_BUFG                   |                                                     | VGA/vga_out/HSYNC0                       |                1 |              2 |
|  SSG_DISP/CathMod/s_clk_500 |                                                     | SSG_DISP/CathMod/r_disp_digit[0]_i_1_n_0 |                1 |              4 |
|  SSG_DISP/CathMod/s_clk_500 |                                                     | SSG_DISP/CathMod/r_disp_digit[0]         |                1 |              4 |
|  s_clk_50_BUFG              | MCU/controlunit/out[2]                              |                                          |                2 |              4 |
|  CLK50                      | KEYBD/keybd/ps2_rx_unit/p_0_in                      |                                          |                1 |              8 |
|  s_clk_50_BUFG              |                                                     |                                          |                3 |              8 |
|  s_clk_50_BUFG              |                                                     | BTNC_IBUF                                |                2 |              8 |
|  CLK_IBUF_BUFG              | MCU/pc/r_vga_wa_reg[8][1]                           |                                          |                2 |             10 |
|  CLK50                      | KEYBD/keybd/ps2_rx_unit/FSM_onehot_state_reg_reg[0] |                                          |                1 |             12 |
|  CLK_IBUF_BUFG              | MCU/pc/r_LEDS_reg[0][0]                             |                                          |                5 |             16 |
|  CLK_IBUF_BUFG              | MCU/pc/E[0]                                         |                                          |                8 |             16 |
|  CLK_IBUF_BUFG              | MCU/pc/r_SSEG_reg[12][1]                            |                                          |                3 |             16 |
|  CLK_IBUF_BUFG              | MCU/pc/r_SSEG_reg[12][0]                            |                                          |                3 |             16 |
|  CLK_IBUF_BUFG              | KEYBD/keybd/ps2_rx_unit/SCANCODE_reg[0][0]          |                                          |                3 |             16 |
|  CLK50                      | KEYBD/keybd/ps2_rx_unit/E[0]                        |                                          |                3 |             16 |
|  clk_BUFG                   |                                                     | VGA/vga_out/BOUT[1]_i_1_n_0              |                7 |             16 |
|  s_clk_50_BUFG              | MCU/pc/DATA_OUT_reg[7][0]                           | MCU/controlunit/out[0]                   |                2 |             16 |
|  CLK_IBUF_BUFG              |                                                     |                                          |                4 |             18 |
|  SSG_DISP/CathMod/s_clk_500 |                                                     |                                          |                5 |             18 |
|  clk_BUFG                   |                                                     |                                          |                6 |             18 |
|  s_clk_50_BUFG              | MCU/controlunit/E[0]                                | MCU/controlunit/out[0]                   |                8 |             20 |
|  CLK50                      | KEYBD/keybd/ps2_rx_unit/d_reg[10]_i_1_n_0           |                                          |                3 |             20 |
|  CLK50                      |                                                     |                                          |                6 |             24 |
|  s_clk_50_BUFG              | VGA/framebuffer/r_memory_reg_0_63_0_0_i_1_n_0       |                                          |                8 |             32 |
|  s_clk_50_BUFG              | VGA/framebuffer/r_memory_reg_0_15_0_0_i_1_n_0       |                                          |                8 |             32 |
|  s_clk_50_BUFG              | MCU/pc/RF_WR                                        |                                          |                2 |             32 |
|  CLK_IBUF_BUFG              |                                                     | SSG_DISP/CathMod/clear                   |                5 |             40 |
|  s_clk_50_BUFG              | VGA/framebuffer/r_memory_reg_2944_3071_0_0_i_1_n_0  |                                          |                8 |             64 |
|  s_clk_50_BUFG              | VGA/framebuffer/r_memory_reg_2688_2815_0_0_i_1_n_0  |                                          |                8 |             64 |
|  s_clk_50_BUFG              | VGA/framebuffer/r_memory_reg_2816_2943_0_0_i_1_n_0  |                                          |                8 |             64 |
|  s_clk_50_BUFG              | VGA/framebuffer/r_memory_reg_0_127_0_0_i_1_n_0      |                                          |                8 |             64 |
|  s_clk_50_BUFG              | VGA/framebuffer/r_memory_reg_1024_1151_0_0_i_1_n_0  |                                          |                8 |             64 |
|  s_clk_50_BUFG              | VGA/framebuffer/r_memory_reg_1152_1279_0_0_i_1_n_0  |                                          |                8 |             64 |
|  s_clk_50_BUFG              | VGA/framebuffer/r_memory_reg_1408_1535_0_0_i_1_n_0  |                                          |                8 |             64 |
|  s_clk_50_BUFG              | VGA/framebuffer/r_memory_reg_1536_1663_0_0_i_1_n_0  |                                          |                8 |             64 |
|  s_clk_50_BUFG              | VGA/framebuffer/r_memory_reg_128_255_0_0_i_1_n_0    |                                          |                8 |             64 |
|  s_clk_50_BUFG              | VGA/framebuffer/r_memory_reg_1280_1407_0_0_i_1_n_0  |                                          |                8 |             64 |
|  s_clk_50_BUFG              | VGA/framebuffer/r_memory_reg_2048_2175_0_0_i_1_n_0  |                                          |                8 |             64 |
|  s_clk_50_BUFG              | VGA/framebuffer/r_memory_reg_1920_2047_0_0_i_1_n_0  |                                          |                8 |             64 |
|  s_clk_50_BUFG              | VGA/framebuffer/r_memory_reg_1664_1791_0_0_i_1_n_0  |                                          |                8 |             64 |
|  s_clk_50_BUFG              | VGA/framebuffer/r_memory_reg_1792_1919_0_0_i_1_n_0  |                                          |                8 |             64 |
|  s_clk_50_BUFG              | VGA/framebuffer/r_memory_reg_2432_2559_0_0_i_1_n_0  |                                          |                8 |             64 |
|  s_clk_50_BUFG              | VGA/framebuffer/r_memory_reg_2176_2303_0_0_i_1_n_0  |                                          |                8 |             64 |
|  s_clk_50_BUFG              | VGA/framebuffer/r_memory_reg_2304_2431_0_0_i_1_n_0  |                                          |                8 |             64 |
|  s_clk_50_BUFG              | VGA/framebuffer/r_memory_reg_2560_2687_0_0_i_1_n_0  |                                          |                8 |             64 |
|  CLK_IBUF_BUFG              |                                                     | BTNC_IBUF                                |                8 |             64 |
|  s_clk_50_BUFG              | VGA/framebuffer/r_memory_reg_256_383_0_0_i_1_n_0    |                                          |                8 |             64 |
|  s_clk_50_BUFG              | VGA/framebuffer/r_memory_reg_3072_3199_0_0_i_1_n_0  |                                          |                8 |             64 |
|  s_clk_50_BUFG              | VGA/framebuffer/r_memory_reg_3200_3327_0_0_i_1_n_0  |                                          |                8 |             64 |
|  s_clk_50_BUFG              | VGA/framebuffer/r_memory_reg_3456_3583_0_0_i_1_n_0  |                                          |                8 |             64 |
|  s_clk_50_BUFG              | VGA/framebuffer/r_memory_reg_3328_3455_0_0_i_1_n_0  |                                          |                8 |             64 |
|  s_clk_50_BUFG              | VGA/framebuffer/r_memory_reg_3712_3839_0_0_i_1_n_0  |                                          |                8 |             64 |
|  s_clk_50_BUFG              | VGA/framebuffer/r_memory_reg_3840_3967_0_0_i_1_n_0  |                                          |                8 |             64 |
|  s_clk_50_BUFG              | VGA/framebuffer/r_memory_reg_3584_3711_0_0_i_1_n_0  |                                          |                8 |             64 |
|  s_clk_50_BUFG              | VGA/framebuffer/r_memory_reg_4096_4223_0_0_i_1_n_0  |                                          |                8 |             64 |
|  s_clk_50_BUFG              | VGA/framebuffer/r_memory_reg_3968_4095_0_0_i_1_n_0  |                                          |                8 |             64 |
|  s_clk_50_BUFG              | VGA/framebuffer/r_memory_reg_4224_4351_0_0_i_1_n_0  |                                          |                8 |             64 |
|  s_clk_50_BUFG              | VGA/framebuffer/r_memory_reg_384_511_0_0_i_1_n_0    |                                          |                8 |             64 |
|  s_clk_50_BUFG              | VGA/framebuffer/r_memory_reg_4608_4735_0_0_i_1_n_0  |                                          |                8 |             64 |
|  s_clk_50_BUFG              | VGA/framebuffer/r_memory_reg_4736_4863_0_0_i_1_n_0  |                                          |                8 |             64 |
|  s_clk_50_BUFG              | VGA/framebuffer/r_memory_reg_4480_4607_0_0_i_1_n_0  |                                          |                8 |             64 |
|  s_clk_50_BUFG              | VGA/framebuffer/r_memory_reg_4352_4479_0_0_i_1_n_0  |                                          |                8 |             64 |
|  s_clk_50_BUFG              | VGA/framebuffer/r_memory_reg_4992_5119_0_0_i_1_n_0  |                                          |                8 |             64 |
|  s_clk_50_BUFG              | VGA/framebuffer/r_memory_reg_5120_5247_0_0_i_1_n_0  |                                          |                8 |             64 |
|  s_clk_50_BUFG              | VGA/framebuffer/r_memory_reg_512_639_0_0_i_1_n_0    |                                          |                8 |             64 |
|  s_clk_50_BUFG              | VGA/framebuffer/r_memory_reg_4864_4991_0_0_i_1_n_0  |                                          |                8 |             64 |
|  s_clk_50_BUFG              | VGA/framebuffer/r_memory_reg_5248_5375_0_0_i_1_n_0  |                                          |                8 |             64 |
|  s_clk_50_BUFG              | VGA/framebuffer/r_memory_reg_5376_5503_0_0_i_1_n_0  |                                          |                8 |             64 |
|  s_clk_50_BUFG              | VGA/framebuffer/r_memory_reg_5504_5631_0_0_i_1_n_0  |                                          |                8 |             64 |
|  s_clk_50_BUFG              | VGA/framebuffer/r_memory_reg_5760_5887_0_0_i_1_n_0  |                                          |                8 |             64 |
|  s_clk_50_BUFG              | VGA/framebuffer/r_memory_reg_6016_6143_0_0_i_1_n_0  |                                          |                8 |             64 |
|  s_clk_50_BUFG              | VGA/framebuffer/r_memory_reg_5888_6015_0_0_i_1_n_0  |                                          |                8 |             64 |
|  s_clk_50_BUFG              | VGA/framebuffer/r_memory_reg_5632_5759_0_0_i_1_n_0  |                                          |                8 |             64 |
|  s_clk_50_BUFG              | VGA/framebuffer/r_memory_reg_6144_6271_0_0_i_1_n_0  |                                          |                8 |             64 |
|  s_clk_50_BUFG              | VGA/framebuffer/r_memory_reg_6400_6527_0_0_i_1_n_0  |                                          |                8 |             64 |
|  s_clk_50_BUFG              | VGA/framebuffer/r_memory_reg_6272_6399_0_0_i_1_n_0  |                                          |                8 |             64 |
|  s_clk_50_BUFG              | VGA/framebuffer/r_memory_reg_640_767_0_0_i_1_n_0    |                                          |                8 |             64 |
|  s_clk_50_BUFG              | VGA/framebuffer/r_memory_reg_6528_6655_0_0_i_1_n_0  |                                          |                8 |             64 |
|  s_clk_50_BUFG              | VGA/framebuffer/r_memory_reg_6784_6911_0_0_i_1_n_0  |                                          |                8 |             64 |
|  s_clk_50_BUFG              | VGA/framebuffer/r_memory_reg_6656_6783_0_0_i_1_n_0  |                                          |                8 |             64 |
|  s_clk_50_BUFG              | VGA/framebuffer/r_memory_reg_6912_7039_0_0_i_1_n_0  |                                          |                8 |             64 |
|  s_clk_50_BUFG              | VGA/framebuffer/r_memory_reg_768_895_0_0_i_1_n_0    |                                          |                8 |             64 |
|  s_clk_50_BUFG              | VGA/framebuffer/r_memory_reg_7296_7423_0_0_i_1_n_0  |                                          |                8 |             64 |
|  s_clk_50_BUFG              | VGA/framebuffer/r_memory_reg_7168_7295_0_0_i_1_n_0  |                                          |                8 |             64 |
|  s_clk_50_BUFG              | VGA/framebuffer/r_memory_reg_7040_7167_0_0_i_1_n_0  |                                          |                8 |             64 |
|  s_clk_50_BUFG              | VGA/framebuffer/r_memory_reg_7424_7551_0_0_i_1_n_0  |                                          |                8 |             64 |
|  s_clk_50_BUFG              | VGA/framebuffer/r_memory_reg_896_1023_0_0_i_1_n_0   |                                          |                8 |             64 |
|  s_clk_50_BUFG              | MCU/pc/SCR_WE                                       |                                          |               10 |             80 |
|  clk_BUFG                   |                                                     | VGA/vga_out/horizontal[9]_i_1_n_0        |               52 |            186 |
|  CLK_IBUF_BUFG              | MCU/pc/r_vga_wa_reg[8][0]                           |                                          |               53 |            214 |
+-----------------------------+-----------------------------------------------------+------------------------------------------+------------------+----------------+


